0.220568   -0.486479   0.252526
-0.466203   -0.342581   0.139928
-0.234814   -0.42112   0.0594216
0.264413   -0.021323   -0.282653
-0.143225   -0.425987   -0.181931
-0.190082   0.381681   0.131328
0.459942   -0.432989   0.421448
0.301393   0.383787   -0.315896
-0.453947   0.396342   -0.113999
0.231646   0.302601   -0.439713
-0.322256   -0.213251   -0.179329
0.346646   0.474204   -0.353028
-0.138296   0.129663   0.382329
-0.350655   0.0551026   -0.38186
-0.200706   -0.000190078   0.360279
0.332137   -1.75581e-05   0.269955
-0.207452   -0.0572691   0.135541
0.33376   0.442804   0.0719669
0.114712   -0.0703071   0.27268
-0.235658   -0.44198   0.143615
0.431728   0.221237   0.425373
0.367328   0.0951491   -0.411964
-0.214476   0.255228   -0.225224
0.491697   -0.159161   0.354451
0.0248707   0.306773   -0.223437
0.194605   0.259247   0.339461
-0.272206   -0.208836   -0.0880558
-0.433549   -0.0512133   -0.0502528
0.0953893   -0.144787   -0.309192
-0.471369   0.0143083   0.494273
-0.21317   0.205838   0.211119
0.307681   -0.26015   -0.334797
0.183815   0.225078   -0.378462
-0.350331   -0.239739   0.0239388
0.321835   0.0619129   0.381682
0.494145   -0.334113   -0.432703
0.111372   -0.479974   -0.166788
0.259221   -0.201019   -0.28159
0.337108   0.0335285   -0.36416
-0.462365   -0.292458   -0.367736
-0.489293   0.292703   -0.134542
-0.365456   -0.377583   0.152596
-0.247325   0.469997   -0.0507042
0.494606   0.13073   -0.483433
-0.437342   0.156852   -0.327225
-0.348812   -0.471748   0.476825
-0.286108   -0.0860163   0.373936
0.478944   -0.104534   -0.245797
0.346535   0.366192   0.466873
0.499322   -0.0359405   0.146764
0.0187444   0.227425   0.0542635
-0.443264   0.11627   -0.402847
-0.166063   -0.217417   -0.177268
-0.417754   -0.210717   0.0415611
0.0719328   -0.0169956   -0.408218
-0.187462   -0.0954886   0.332228
0.421262   -0.35263   -0.281985
0.378201   -0.208819   -0.398352
-0.25709   0.277232   0.13713
0.499211   0.291396   0.441186
-0.209978   -0.126838   -0.475143
-0.486841   -0.168621   0.0485839
-0.308796   -0.435952   0.0925036
0.275544   0.405849   0.215974
0.424774   -0.237186   -0.0571881
-0.121984   -0.286625   0.268859
0.180128   0.121504   -0.194279
-0.399765   0.098414   0.114227
-0.117761   -0.398564   0.102692
-0.131891   -0.0274765   -0.221806
-0.0357932   -0.241569   0.0089457
0.118241   0.0057738   0.350319
0.435046   0.382951   0.0313548
-0.415097   -0.0124124   0.258571
-0.384218   0.364688   -0.263276
-0.496869   -0.247231   -0.101292
-0.488216   0.0576869   -0.315278
0.207878   -0.167707   -0.0582348
0.488881   -0.217354   -0.461208
0.260967   0.126994   -0.167643
0.0382246   -0.0907884   0.321021
-0.179626   -0.0883256   -0.112148
0.139388   0.11307   -0.368315
0.256769   0.166544   0.0493067
0.0176352   0.363756   0.42745
-0.483293   0.273981   0.155474
0.111264   -0.137843   0.00831304
0.16349   0.00906467   0.252312
0.187607   -0.440511   -0.085903
-0.254607   -0.354185   0.178621
0.119511   -0.458159   -0.275206
0.231078   -0.0810561   0.184751
-0.200801   -0.327474   -0.211684
0.193006   -0.0243383   0.394283
-0.0596825   0.467572   0.0969797
-0.483637   -0.301755   0.0373345
-0.34927   0.499853   -0.0688141
-0.205303   0.211033   0.0283456
-0.333825   -0.264981   0.219688
0.468124   0.0671824   -0.0367644
-0.100763   -0.0483111   0.333748
0.306717   -0.137783   -0.37481
0.2453   0.0911663   -0.490996
0.387327   0.218323   -0.49877
-0.326741   -0.0365786   -0.467039
-0.34518   0.0853064   -0.289369
-0.32177   -0.17649   -0.0244297
-0.443027   0.295064   -0.261371
