0.323917   0.487119   -1.29539
0.255421   -0.616155   1.63136
0.760819   -3.00975   0.566772
1.91447   1.72516   0.348071
1.75819   0.42243   -0.435891
0.885862   -0.276885   1.20117
1.60923   0.929369   -0.318543
-0.84679   0.217005   -1.02568
0.556956   0.280755   0.542322
1.07374   0.637949   0.720092
0.441576   -0.254697   1.22618
-0.648657   -0.572001   1.12578
0.386062   -0.736712   2.06401
0.108999   0.382896   -0.960881
-1.7888   -0.956193   0.867541
-0.370318   -0.842969   0.378927
1.55303   -0.145232   -1.99399
-0.558571   -1.42441   -0.0517265
0.320287   -1.69027   -2.09284
1.18849   -0.90301   4.02401
0.148558   0.802031   0.107145
1.08445   -1.85828   -0.380961
-1.44636   0.0547039   0.772646
-1.14949   0.932859   -0.140106
0.496053   0.533285   -0.390488
-0.432966   0.739991   1.57613
-2.03312   1.45796   -1.59201
-3.83065   -0.226816   -0.552353
0.393843   0.0863224   -1.65255
0.0662889   0.33355   1.03802
0.448935   -2.79337   -0.507468
-0.0936193   -0.374432   -2.28303
1.22846   1.11604   1.05954
-1.0296   0.471138   1.06602
0.775363   -0.172504   -0.142123
0.216029   0.0018739   -0.896776
-1.17316   0.312224   3.15334
0.423368   0.466768   0.373969
-0.893685   -0.04942   0.368381
-0.67345   -0.590018   -0.235192
1.10846   -0.119335   -0.253859
0.708283   0.19133   -1.85412
0.913435   -1.1993   -1.13199
-0.0294777   0.745708   0.935331
1.38795   0.740811   -1.68278
-0.502151   -1.5424   0.121255
0.996323   1.16341   1.60715
-0.406863   1.79571   -1.69825
-0.626265   -1.61526   0.265875
-1.16679   0.136195   -0.847674
-1.21878   -2.37033   2.02433
-0.760357   1.22505   0.41021
-0.784641   0.0303008   0.275883
0.423678   0.804818   0.315327
-2.41988   0.0633623   0.475976
0.273619   -1.63477   -0.671968
2.26025   1.681   -1.63912
-1.13803   0.841047   0.827163
0.353481   0.395362   -0.584341
1.82428   1.16696   0.71053
0.677089   1.46423   0.88252
0.848247   -0.696953   1.60328
0.451828   0.421382   -1.72141
0.774616   2.2246   -2.06971
-1.24696   -0.701933   -0.306454
0.540378   -1.33414   -0.874837
0.107545   1.07011   -0.367439
0.146561   -0.209238   -0.357118
0.644598   0.377524   1.48242
0.456122   1.87371   -0.391899
0.385237   0.783655   -0.818461
-1.16241   -0.283027   0.682485
-0.946162   0.742263   0.730621
-0.885519   -0.24446   0.00926777
1.08459   -0.386829   -0.0479787
2.15245   -0.650025   -0.37766
-0.506878   -0.670119   1.38515
-0.929674   1.56531   0.45844
0.693723   0.938395   0.185256
0.417333   0.0679474   0.0257756
-1.28318   -1.41471   0.43487
-1.05371   -0.919635   -0.855326
0.299079   1.25383   -0.415748
-1.15372   -2.13539   0.218671
1.12071   0.745577   -0.930181
-0.767895   -1.38286   -0.818912
1.01249   1.34788   0.638907
1.83555   0.161333   -2.82658
0.557097   -0.91843   0.123087
0.178057   1.30015   -0.14833
-0.980715   -0.214924   -0.207551
-0.147856   -1.47419   0.419831
0.299104   0.695253   0.71264
-0.192411   -0.772996   -0.365792
-1.66564   -0.181688   -1.61128
0.226044   0.448214   -1.90088
-2.67932   0.166129   1.05904
0.337118   -1.03794   -0.0187656
-1.84708   -0.212665   -1.35134
-1.00669   -0.337331   0.391623
-0.65825   1.29041   0.526773
1.14464   0.377879   2.81158
0.385383   0.249581   1.03878
-0.892845   -1.1155   -0.905044
0.957268   -0.844033   -2.16188
0.410676   0.117921   -0.461327
-0.250005   0.406218   0.409817
-0.532274   0.651561   1.21272
