0.491851   -0.271519   -0.200354
-0.351855   -0.0836086   -0.182654
0.462841   -0.0756906   -0.0274105
-0.338191   -0.268972   -0.0194342
-0.168547   -0.261295   -0.194367
-0.00986144   -0.0876237   -0.199203
-0.173621   -0.119473   -0.0340452
0.00495151   -0.246109   -0.0194894
0.158026   -0.238919   -0.187358
0.327768   -0.0994591   -0.187375
0.154453   -0.0891324   -0.0156988
0.311307   -0.26464   -0.0189969
-0.487246   0.0867492   -0.17057
-0.328983   0.25516   -0.184241
0.499701   0.257324   -0.0245384
-0.321956   0.0646723   -0.012449
-0.164376   0.0714488   -0.183612
-0.0128326   0.236709   -0.174546
-0.179492   0.251733   -0.0196686
-0.00572372   0.0588257   -0.0281331
0.154188   0.0643811   -0.200479
0.335134   0.232372   -0.165309
0.138801   0.235265   -0.00456811
0.29554   0.0774272   -0.0235574
-0.489642   0.414311   -0.198286
-0.329134   -0.421467   -0.180651
0.489251   -0.420392   -0.0178479
-0.352814   0.435763   -0.0234383
-0.177204   0.40918   -0.169526
0.00903168   -0.417049   -0.188111
-0.145228   -0.407458   -0.0157287
-0.0178303   0.410672   0.00218704
0.150602   0.416377   -0.174153
0.323641   -0.445724   -0.160769
0.135096   -0.40698   0.00695223
0.316431   0.409486   -0.00696925
0.469836   -0.252857   0.14456
-0.358856   -0.106316   0.166847
0.46814   -0.104035   0.329512
-0.35927   -0.2628   0.338517
-0.181945   -0.254546   0.15481
-0.0179341   -0.0992622   0.161392
-0.203722   -0.105872   0.317374
-0.0365036   -0.259193   0.331827
0.157605   -0.25587   0.165774
0.30974   -0.0869885   0.151144
0.146352   -0.10292   0.326881
0.319569   -0.261769   0.311273
-0.490608   0.091422   0.150891
-0.335265   0.235803   0.137817
-0.485845   0.238348   0.317477
-0.351731   0.0659552   0.334032
-0.165209   0.0526206   0.136647
-0.0321187   0.226863   0.160209
-0.188757   0.212218   0.321286
-0.0150449   0.0550328   0.324702
0.138209   0.075875   0.149548
0.319561   0.246863   0.136547
0.151296   0.245489   0.323263
0.308221   0.0935488   0.313737
-0.498057   0.409886   0.161588
-0.341705   -0.400015   0.15579
0.468794   -0.426211   0.318678
-0.350679   0.410249   0.334501
-0.191994   0.42147   0.134228
-0.0235487   -0.42985   0.179333
-0.196851   -0.423436   0.3234
-0.032357   0.408925   0.313544
0.134583   0.411397   0.160513
0.321675   -0.427294   0.152721
0.147736   -0.423687   0.33349
0.341836   0.379488   0.337351
0.462279   -0.277757   -0.496371
-0.352188   -0.0801581   0.492482
0.495782   -0.100618   -0.346303
-0.354612   -0.261034   -0.356644
-0.193042   -0.258708   0.485278
-0.0396256   -0.0942299   -0.485067
-0.177548   -0.0927756   -0.333346
-0.00308165   -0.265243   -0.347892
0.144827   -0.261547   0.484549
0.32298   -0.0916678   -0.49865
0.160224   -0.105053   -0.36639
0.319718   -0.293124   -0.347993
0.477072   0.0641418   0.477292
-0.353875   0.224314   0.487684
0.490493   0.231164   -0.349207
-0.341587   0.0766034   -0.346523
-0.178603   0.0679531   0.486093
-0.0132276   0.239964   0.481979
-0.1939   0.239255   -0.362495
-0.0117878   0.0814249   -0.357751
0.146395   0.0827073   0.483958
0.317357   0.226674   0.496396
0.178437   0.231988   -0.331958
0.321548   0.0546819   -0.333166
-0.483567   0.408219   -0.496561
-0.352894   -0.431356   0.467767
0.482026   -0.436799   -0.347662
-0.327036   0.392579   -0.342113
-0.179737   0.401742   0.474434
-0.0260487   -0.435474   0.46512
-0.185491   -0.427304   -0.358558
-0.0192137   0.412031   -0.345149
0.157873   0.390701   0.488162
0.329679   -0.440717   0.487709
0.147509   -0.442097   -0.37792
0.328287   0.384082   -0.35851
